
> node-authentication@ server /home/ubuntu/auntie_server
> nodemon server.js

[33m[nodemon] 1.18.9[39m
[33m[nodemon] to restart at any time, enter `rs`[39m
[33m[nodemon] watching: *.*[39m
[32m[nodemon] starting `node server.js`[39m
events.js:183
      throw er; // Unhandled 'error' event
      ^

Error: EBADF: bad file descriptor, read
npm ERR! code ELIFECYCLE
npm ERR! errno 1
npm ERR! node-authentication@ server: `nodemon server.js`
npm ERR! Exit status 1
npm ERR! 
npm ERR! Failed at the node-authentication@ server script.
npm ERR! This is probably not a problem with npm. There is likely additional logging output above.

npm ERR! A complete log of this run can be found in:
npm ERR!     /home/ubuntu/.npm/_logs/2019-03-20T09_01_22_076Z-debug.log

> node-authentication@ server /home/ubuntu/auntie_server
> nodemon server.js

[33m[nodemon] 1.18.9[39m
[33m[nodemon] to restart at any time, enter `rs`[39m
[33m[nodemon] watching: *.*[39m
[32m[nodemon] starting `node server.js`[39m
events.js:183
      throw er; // Unhandled 'error' event
      ^

Error: EBADF: bad file descriptor, read
npm ERR! code ELIFECYCLE
npm ERR! errno 1
npm ERR! node-authentication@ server: `nodemon server.js`
npm ERR! Exit status 1
npm ERR! 
npm ERR! Failed at the node-authentication@ server script.
npm ERR! This is probably not a problem with npm. There is likely additional logging output above.

npm ERR! A complete log of this run can be found in:
npm ERR!     /home/ubuntu/.npm/_logs/2019-03-20T09_42_03_150Z-debug.log
